<?xml version="1.0" encoding="UTF-8"?>
<!-- Generated by org.testng.reporters.JUnitReportReporter -->
<testsuite hostname="LAPTOP-K54LAQ86" failures="0" tests="1" name="eventhex.EventHexTest" time="4.367" errors="0" timestamp="2025-08-26T10:54:46 IST" skipped="0">
  <testcase classname="eventhex.EventHexTest" name="openEventPage" time="4.367"/>
  <system-out/>
</testsuite> <!-- eventhex.EventHexTest -->
